<?xml version="1.0" encoding="UTF-8"?>
<testng-results skipped="0" failed="0" ignored="0" total="10" passed="10">
  <reporter-output>
  </reporter-output>
  <suite name="Default suite" duration-ms="105637" started-at="2019-04-06T18:36:02Z" finished-at="2019-04-06T18:37:48Z">
    <groups>
    </groups>
    <test name="Default test" duration-ms="105637" started-at="2019-04-06T18:36:02Z" finished-at="2019-04-06T18:37:48Z">
      <class name="testCases_HomePageFranchisee.UserPage_TestCase">
        <test-method status="PASS" signature="property()[pri:0, instance:testCases_HomePageFranchisee.UserPage_TestCase@61f8bee4]" name="property" is-config="true" duration-ms="42392" started-at="2019-04-06T18:36:02Z" finished-at="2019-04-06T18:36:45Z">
          <reporter-output>
          </reporter-output>
        </test-method> <!-- property -->
        <test-method status="PASS" signature="checkURL()[pri:0, instance:testCases_HomePageFranchisee.UserPage_TestCase@61f8bee4]" name="checkURL" duration-ms="7281" started-at="2019-04-06T18:36:45Z" finished-at="2019-04-06T18:36:52Z">
          <reporter-output>
          </reporter-output>
        </test-method> <!-- checkURL -->
        <test-method status="PASS" signature="takeScreenShotOnFailure(org.testng.ITestResult)[pri:0, instance:testCases_HomePageFranchisee.UserPage_TestCase@61f8bee4]" name="takeScreenShotOnFailure" is-config="true" duration-ms="26" started-at="2019-04-06T18:36:52Z" finished-at="2019-04-06T18:36:52Z">
          <params>
            <param index="0">
              <value>
                <![CDATA[[TestResult name=checkURL status=SUCCESS method=UserPage_TestCase.checkURL()[pri:0, instance:testCases_HomePageFranchisee.UserPage_TestCase@61f8bee4] output={null}]]]>
              </value>
            </param>
          </params>
          <reporter-output>
          </reporter-output>
        </test-method> <!-- takeScreenShotOnFailure -->
        <test-method status="PASS" signature="checkButtonName()[pri:1, instance:testCases_HomePageFranchisee.UserPage_TestCase@61f8bee4]" name="checkButtonName" duration-ms="4510" started-at="2019-04-06T18:36:52Z" finished-at="2019-04-06T18:36:56Z">
          <reporter-output>
          </reporter-output>
        </test-method> <!-- checkButtonName -->
        <test-method status="PASS" signature="takeScreenShotOnFailure(org.testng.ITestResult)[pri:0, instance:testCases_HomePageFranchisee.UserPage_TestCase@61f8bee4]" name="takeScreenShotOnFailure" is-config="true" duration-ms="1" started-at="2019-04-06T18:36:56Z" finished-at="2019-04-06T18:36:56Z">
          <params>
            <param index="0">
              <value>
                <![CDATA[[TestResult name=checkButtonName status=SUCCESS method=UserPage_TestCase.checkButtonName()[pri:1, instance:testCases_HomePageFranchisee.UserPage_TestCase@61f8bee4] output={null}]]]>
              </value>
            </param>
          </params>
          <reporter-output>
          </reporter-output>
        </test-method> <!-- takeScreenShotOnFailure -->
        <test-method status="PASS" signature="buttonBackGroundWithoutMouseOverview()[pri:1, instance:testCases_HomePageFranchisee.UserPage_TestCase@61f8bee4]" name="buttonBackGroundWithoutMouseOverview" duration-ms="4090" started-at="2019-04-06T18:36:56Z" depends-on-methods="testCases_HomePageFranchisee.UserPage_TestCase.checkButtonName" finished-at="2019-04-06T18:37:00Z">
          <reporter-output>
          </reporter-output>
        </test-method> <!-- buttonBackGroundWithoutMouseOverview -->
        <test-method status="PASS" signature="takeScreenShotOnFailure(org.testng.ITestResult)[pri:0, instance:testCases_HomePageFranchisee.UserPage_TestCase@61f8bee4]" name="takeScreenShotOnFailure" is-config="true" duration-ms="1" started-at="2019-04-06T18:37:00Z" finished-at="2019-04-06T18:37:00Z">
          <params>
            <param index="0">
              <value>
                <![CDATA[[TestResult name=buttonBackGroundWithoutMouseOverview status=SUCCESS method=UserPage_TestCase.buttonBackGroundWithoutMouseOverview()[pri:1, instance:testCases_HomePageFranchisee.UserPage_TestCase@61f8bee4] output={null}]]]>
              </value>
            </param>
          </params>
          <reporter-output>
          </reporter-output>
        </test-method> <!-- takeScreenShotOnFailure -->
        <test-method status="PASS" signature="buttonBackGroundWithMouseOverview()[pri:1, instance:testCases_HomePageFranchisee.UserPage_TestCase@61f8bee4]" name="buttonBackGroundWithMouseOverview" duration-ms="4638" started-at="2019-04-06T18:37:00Z" depends-on-methods="testCases_HomePageFranchisee.UserPage_TestCase.buttonBackGroundWithoutMouseOverview" finished-at="2019-04-06T18:37:05Z">
          <reporter-output>
          </reporter-output>
        </test-method> <!-- buttonBackGroundWithMouseOverview -->
        <test-method status="PASS" signature="takeScreenShotOnFailure(org.testng.ITestResult)[pri:0, instance:testCases_HomePageFranchisee.UserPage_TestCase@61f8bee4]" name="takeScreenShotOnFailure" is-config="true" duration-ms="1" started-at="2019-04-06T18:37:05Z" finished-at="2019-04-06T18:37:05Z">
          <params>
            <param index="0">
              <value>
                <![CDATA[[TestResult name=buttonBackGroundWithMouseOverview status=SUCCESS method=UserPage_TestCase.buttonBackGroundWithMouseOverview()[pri:1, instance:testCases_HomePageFranchisee.UserPage_TestCase@61f8bee4] output={null}]]]>
              </value>
            </param>
          </params>
          <reporter-output>
          </reporter-output>
        </test-method> <!-- takeScreenShotOnFailure -->
        <test-method status="PASS" signature="buttonToolTipCheck()[pri:1, instance:testCases_HomePageFranchisee.UserPage_TestCase@61f8bee4]" name="buttonToolTipCheck" duration-ms="3040" started-at="2019-04-06T18:37:05Z" depends-on-methods="testCases_HomePageFranchisee.UserPage_TestCase.buttonBackGroundWithMouseOverview" finished-at="2019-04-06T18:37:08Z">
          <reporter-output>
          </reporter-output>
        </test-method> <!-- buttonToolTipCheck -->
        <test-method status="PASS" signature="takeScreenShotOnFailure(org.testng.ITestResult)[pri:0, instance:testCases_HomePageFranchisee.UserPage_TestCase@61f8bee4]" name="takeScreenShotOnFailure" is-config="true" duration-ms="1" started-at="2019-04-06T18:37:08Z" finished-at="2019-04-06T18:37:08Z">
          <params>
            <param index="0">
              <value>
                <![CDATA[[TestResult name=buttonToolTipCheck status=SUCCESS method=UserPage_TestCase.buttonToolTipCheck()[pri:1, instance:testCases_HomePageFranchisee.UserPage_TestCase@61f8bee4] output={null}]]]>
              </value>
            </param>
          </params>
          <reporter-output>
          </reporter-output>
        </test-method> <!-- takeScreenShotOnFailure -->
        <test-method status="PASS" signature="tabnamesCheck()[pri:2, instance:testCases_HomePageFranchisee.UserPage_TestCase@61f8bee4]" name="tabnamesCheck" duration-ms="4197" started-at="2019-04-06T18:37:08Z" finished-at="2019-04-06T18:37:12Z">
          <reporter-output>
          </reporter-output>
        </test-method> <!-- tabnamesCheck -->
        <test-method status="PASS" signature="takeScreenShotOnFailure(org.testng.ITestResult)[pri:0, instance:testCases_HomePageFranchisee.UserPage_TestCase@61f8bee4]" name="takeScreenShotOnFailure" is-config="true" duration-ms="1" started-at="2019-04-06T18:37:12Z" finished-at="2019-04-06T18:37:12Z">
          <params>
            <param index="0">
              <value>
                <![CDATA[[TestResult name=tabnamesCheck status=SUCCESS method=UserPage_TestCase.tabnamesCheck()[pri:2, instance:testCases_HomePageFranchisee.UserPage_TestCase@61f8bee4] output={null}]]]>
              </value>
            </param>
          </params>
          <reporter-output>
          </reporter-output>
        </test-method> <!-- takeScreenShotOnFailure -->
        <test-method status="PASS" signature="checkDataOfUserProfile()[pri:3, instance:testCases_HomePageFranchisee.UserPage_TestCase@61f8bee4]" name="checkDataOfUserProfile" duration-ms="12040" started-at="2019-04-06T18:37:12Z" finished-at="2019-04-06T18:37:24Z">
          <reporter-output>
          </reporter-output>
        </test-method> <!-- checkDataOfUserProfile -->
        <test-method status="PASS" signature="takeScreenShotOnFailure(org.testng.ITestResult)[pri:0, instance:testCases_HomePageFranchisee.UserPage_TestCase@61f8bee4]" name="takeScreenShotOnFailure" is-config="true" duration-ms="1" started-at="2019-04-06T18:37:24Z" finished-at="2019-04-06T18:37:24Z">
          <params>
            <param index="0">
              <value>
                <![CDATA[[TestResult name=checkDataOfUserProfile status=SUCCESS method=UserPage_TestCase.checkDataOfUserProfile()[pri:3, instance:testCases_HomePageFranchisee.UserPage_TestCase@61f8bee4] output={null}]]]>
              </value>
            </param>
          </params>
          <reporter-output>
          </reporter-output>
        </test-method> <!-- takeScreenShotOnFailure -->
        <test-method status="PASS" signature="checkPasswordPageOnEdit()[pri:4, instance:testCases_HomePageFranchisee.UserPage_TestCase@61f8bee4]" name="checkPasswordPageOnEdit" duration-ms="16381" started-at="2019-04-06T18:37:24Z" finished-at="2019-04-06T18:37:41Z">
          <reporter-output>
          </reporter-output>
        </test-method> <!-- checkPasswordPageOnEdit -->
        <test-method status="PASS" signature="takeScreenShotOnFailure(org.testng.ITestResult)[pri:0, instance:testCases_HomePageFranchisee.UserPage_TestCase@61f8bee4]" name="takeScreenShotOnFailure" is-config="true" duration-ms="1" started-at="2019-04-06T18:37:41Z" finished-at="2019-04-06T18:37:41Z">
          <params>
            <param index="0">
              <value>
                <![CDATA[[TestResult name=checkPasswordPageOnEdit status=SUCCESS method=UserPage_TestCase.checkPasswordPageOnEdit()[pri:4, instance:testCases_HomePageFranchisee.UserPage_TestCase@61f8bee4] output={null}]]]>
              </value>
            </param>
          </params>
          <reporter-output>
          </reporter-output>
        </test-method> <!-- takeScreenShotOnFailure -->
        <test-method status="PASS" signature="checkThemesPageOnEdit()[pri:5, instance:testCases_HomePageFranchisee.UserPage_TestCase@61f8bee4]" name="checkThemesPageOnEdit" duration-ms="3060" started-at="2019-04-06T18:37:41Z" finished-at="2019-04-06T18:37:44Z">
          <reporter-output>
          </reporter-output>
        </test-method> <!-- checkThemesPageOnEdit -->
        <test-method status="PASS" signature="takeScreenShotOnFailure(org.testng.ITestResult)[pri:0, instance:testCases_HomePageFranchisee.UserPage_TestCase@61f8bee4]" name="takeScreenShotOnFailure" is-config="true" duration-ms="1" started-at="2019-04-06T18:37:44Z" finished-at="2019-04-06T18:37:44Z">
          <params>
            <param index="0">
              <value>
                <![CDATA[[TestResult name=checkThemesPageOnEdit status=SUCCESS method=UserPage_TestCase.checkThemesPageOnEdit()[pri:5, instance:testCases_HomePageFranchisee.UserPage_TestCase@61f8bee4] output={null}]]]>
              </value>
            </param>
          </params>
          <reporter-output>
          </reporter-output>
        </test-method> <!-- takeScreenShotOnFailure -->
        <test-method status="PASS" signature="checkAdvancedOfUserProfile()[pri:6, instance:testCases_HomePageFranchisee.UserPage_TestCase@61f8bee4]" name="checkAdvancedOfUserProfile" duration-ms="3299" started-at="2019-04-06T18:37:44Z" finished-at="2019-04-06T18:37:47Z">
          <reporter-output>
          </reporter-output>
        </test-method> <!-- checkAdvancedOfUserProfile -->
        <test-method status="PASS" signature="takeScreenShotOnFailure(org.testng.ITestResult)[pri:0, instance:testCases_HomePageFranchisee.UserPage_TestCase@61f8bee4]" name="takeScreenShotOnFailure" is-config="true" duration-ms="1" started-at="2019-04-06T18:37:47Z" finished-at="2019-04-06T18:37:47Z">
          <params>
            <param index="0">
              <value>
                <![CDATA[[TestResult name=checkAdvancedOfUserProfile status=SUCCESS method=UserPage_TestCase.checkAdvancedOfUserProfile()[pri:6, instance:testCases_HomePageFranchisee.UserPage_TestCase@61f8bee4] output={null}]]]>
              </value>
            </param>
          </params>
          <reporter-output>
          </reporter-output>
        </test-method> <!-- takeScreenShotOnFailure -->
        <test-method status="PASS" signature="afterMethod()[pri:0, instance:testCases_HomePageFranchisee.UserPage_TestCase@61f8bee4]" name="afterMethod" is-config="true" duration-ms="612" started-at="2019-04-06T18:37:47Z" finished-at="2019-04-06T18:37:48Z">
          <reporter-output>
          </reporter-output>
        </test-method> <!-- afterMethod -->
      </class> <!-- testCases_HomePageFranchisee.UserPage_TestCase -->
    </test> <!-- Default test -->
  </suite> <!-- Default suite -->
</testng-results>
