<?xml version="1.0" encoding="UTF-8"?>
<testng-results skipped="0" failed="1" total="6" passed="5">
  <reporter-output>
  </reporter-output>
  <suite name="Default suite" duration-ms="36662" started-at="2019-04-01T13:55:42Z" finished-at="2019-04-01T13:56:19Z">
    <groups>
    </groups>
    <test name="Default test" duration-ms="36662" started-at="2019-04-01T13:55:42Z" finished-at="2019-04-01T13:56:19Z">
      <class name="testCases_HomePageFranchisee.UserPage_TestCase">
        <test-method status="PASS" signature="property()[pri:0, instance:testCases_HomePageFranchisee.UserPage_TestCase@31610302]" name="property" is-config="true" duration-ms="20182" started-at="2019-04-01T19:25:42Z" finished-at="2019-04-01T19:26:02Z">
          <reporter-output>
          </reporter-output>
        </test-method> <!-- property -->
        <test-method status="PASS" signature="checkURL()[pri:0, instance:testCases_HomePageFranchisee.UserPage_TestCase@31610302]" name="checkURL" duration-ms="3963" started-at="2019-04-01T19:26:02Z" finished-at="2019-04-01T19:26:06Z">
          <reporter-output>
          </reporter-output>
        </test-method> <!-- checkURL -->
        <test-method status="PASS" signature="takeScreenShotOnFailure(org.testng.ITestResult)[pri:0, instance:testCases_HomePageFranchisee.UserPage_TestCase@31610302]" name="takeScreenShotOnFailure" is-config="true" duration-ms="1" started-at="2019-04-01T19:26:06Z" finished-at="2019-04-01T19:26:06Z">
          <params>
            <param index="0">
              <value>
                <![CDATA[[TestResult name=checkURL status=SUCCESS method=UserPage_TestCase.checkURL()[pri:0, instance:testCases_HomePageFranchisee.UserPage_TestCase@31610302] output={null}]]]>
              </value>
            </param>
          </params>
          <reporter-output>
          </reporter-output>
        </test-method> <!-- takeScreenShotOnFailure -->
        <test-method status="PASS" signature="checkButtonName()[pri:1, instance:testCases_HomePageFranchisee.UserPage_TestCase@31610302]" name="checkButtonName" duration-ms="3190" started-at="2019-04-01T19:26:06Z" finished-at="2019-04-01T19:26:09Z">
          <reporter-output>
          </reporter-output>
        </test-method> <!-- checkButtonName -->
        <test-method status="PASS" signature="takeScreenShotOnFailure(org.testng.ITestResult)[pri:0, instance:testCases_HomePageFranchisee.UserPage_TestCase@31610302]" name="takeScreenShotOnFailure" is-config="true" duration-ms="0" started-at="2019-04-01T19:26:09Z" finished-at="2019-04-01T19:26:09Z">
          <params>
            <param index="0">
              <value>
                <![CDATA[[TestResult name=checkButtonName status=SUCCESS method=UserPage_TestCase.checkButtonName()[pri:1, instance:testCases_HomePageFranchisee.UserPage_TestCase@31610302] output={null}]]]>
              </value>
            </param>
          </params>
          <reporter-output>
          </reporter-output>
        </test-method> <!-- takeScreenShotOnFailure -->
        <test-method status="PASS" signature="buttonBackGroundWithoutMouseOverview()[pri:1, instance:testCases_HomePageFranchisee.UserPage_TestCase@31610302]" name="buttonBackGroundWithoutMouseOverview" duration-ms="2389" started-at="2019-04-01T19:26:09Z" depends-on-methods="testCases_HomePageFranchisee.UserPage_TestCase.checkButtonName" finished-at="2019-04-01T19:26:12Z">
          <reporter-output>
          </reporter-output>
        </test-method> <!-- buttonBackGroundWithoutMouseOverview -->
        <test-method status="PASS" signature="buttonBackGroundWithMouseOverview()[pri:1, instance:testCases_HomePageFranchisee.UserPage_TestCase@31610302]" name="buttonBackGroundWithMouseOverview" duration-ms="2753" started-at="2019-04-01T19:26:12Z" depends-on-methods="testCases_HomePageFranchisee.UserPage_TestCase.buttonBackGroundWithoutMouseOverview" finished-at="2019-04-01T19:26:15Z">
          <reporter-output>
          </reporter-output>
        </test-method> <!-- buttonBackGroundWithMouseOverview -->
        <test-method status="PASS" signature="takeScreenShotOnFailure(org.testng.ITestResult)[pri:0, instance:testCases_HomePageFranchisee.UserPage_TestCase@31610302]" name="takeScreenShotOnFailure" is-config="true" duration-ms="0" started-at="2019-04-01T19:26:12Z" finished-at="2019-04-01T19:26:12Z">
          <params>
            <param index="0">
              <value>
                <![CDATA[[TestResult name=buttonBackGroundWithoutMouseOverview status=SUCCESS method=UserPage_TestCase.buttonBackGroundWithoutMouseOverview()[pri:1, instance:testCases_HomePageFranchisee.UserPage_TestCase@31610302] output={null}]]]>
              </value>
            </param>
          </params>
          <reporter-output>
          </reporter-output>
        </test-method> <!-- takeScreenShotOnFailure -->
        <test-method status="PASS" signature="takeScreenShotOnFailure(org.testng.ITestResult)[pri:0, instance:testCases_HomePageFranchisee.UserPage_TestCase@31610302]" name="takeScreenShotOnFailure" is-config="true" duration-ms="1" started-at="2019-04-01T19:26:15Z" finished-at="2019-04-01T19:26:15Z">
          <params>
            <param index="0">
              <value>
                <![CDATA[[TestResult name=buttonBackGroundWithMouseOverview status=SUCCESS method=UserPage_TestCase.buttonBackGroundWithMouseOverview()[pri:1, instance:testCases_HomePageFranchisee.UserPage_TestCase@31610302] output={null}]]]>
              </value>
            </param>
          </params>
          <reporter-output>
          </reporter-output>
        </test-method> <!-- takeScreenShotOnFailure -->
        <test-method status="PASS" signature="buttonToolTipCheck()[pri:1, instance:testCases_HomePageFranchisee.UserPage_TestCase@31610302]" name="buttonToolTipCheck" duration-ms="1891" started-at="2019-04-01T19:26:15Z" depends-on-methods="testCases_HomePageFranchisee.UserPage_TestCase.buttonBackGroundWithMouseOverview" finished-at="2019-04-01T19:26:16Z">
          <reporter-output>
          </reporter-output>
        </test-method> <!-- buttonToolTipCheck -->
        <test-method status="FAIL" signature="tabnamesCheck()[pri:2, instance:testCases_HomePageFranchisee.UserPage_TestCase@31610302]" name="tabnamesCheck" duration-ms="1897" started-at="2019-04-01T19:26:16Z" finished-at="2019-04-01T19:26:18Z">
          <exception class="java.lang.NumberFormatException">
            <message>
              <![CDATA[null]]>
            </message>
            <full-stacktrace>
              <![CDATA[java.lang.NumberFormatException: null
	at java.lang.Integer.parseInt(Integer.java:542)
	at java.lang.Integer.parseInt(Integer.java:615)
	at pageObjects_HomePageFranchisee.UserPage.tabnamesCheck(UserPage.java:239)
	at testCases_HomePageFranchisee.UserPage_TestCase.tabnamesCheck(UserPage_TestCase.java:73)
	at sun.reflect.NativeMethodAccessorImpl.invoke0(Native Method)
	at sun.reflect.NativeMethodAccessorImpl.invoke(NativeMethodAccessorImpl.java:62)
	at sun.reflect.DelegatingMethodAccessorImpl.invoke(DelegatingMethodAccessorImpl.java:43)
	at java.lang.reflect.Method.invoke(Method.java:498)
	at org.testng.internal.MethodInvocationHelper.invokeMethod(MethodInvocationHelper.java:86)
	at org.testng.internal.Invoker.invokeMethod(Invoker.java:646)
	at org.testng.internal.Invoker.invokeTestMethod(Invoker.java:823)
	at org.testng.internal.Invoker.invokeTestMethods(Invoker.java:1131)
	at org.testng.internal.TestMethodWorker.invokeTestMethods(TestMethodWorker.java:129)
	at org.testng.internal.TestMethodWorker.run(TestMethodWorker.java:112)
	at org.testng.TestRunner.privateRun(TestRunner.java:778)
	at org.testng.TestRunner.run(TestRunner.java:632)
	at org.testng.SuiteRunner.runTest(SuiteRunner.java:366)
	at org.testng.SuiteRunner.runSequentially(SuiteRunner.java:361)
	at org.testng.SuiteRunner.privateRun(SuiteRunner.java:319)
	at org.testng.SuiteRunner.run(SuiteRunner.java:268)
	at org.testng.SuiteRunnerWorker.runSuite(SuiteRunnerWorker.java:52)
	at org.testng.SuiteRunnerWorker.run(SuiteRunnerWorker.java:86)
	at org.testng.TestNG.runSuitesSequentially(TestNG.java:1225)
	at org.testng.TestNG.runSuitesLocally(TestNG.java:1150)
	at org.testng.TestNG.runSuites(TestNG.java:1075)
	at org.testng.TestNG.run(TestNG.java:1047)
	at org.testng.remote.AbstractRemoteTestNG.run(AbstractRemoteTestNG.java:126)
	at org.testng.remote.RemoteTestNG.initAndRun(RemoteTestNG.java:137)
	at org.testng.remote.RemoteTestNG.main(RemoteTestNG.java:58)
]]>
            </full-stacktrace>
          </exception> <!-- java.lang.NumberFormatException -->
          <reporter-output>
          </reporter-output>
        </test-method> <!-- tabnamesCheck -->
        <test-method status="PASS" signature="takeScreenShotOnFailure(org.testng.ITestResult)[pri:0, instance:testCases_HomePageFranchisee.UserPage_TestCase@31610302]" name="takeScreenShotOnFailure" is-config="true" duration-ms="0" started-at="2019-04-01T19:26:16Z" finished-at="2019-04-01T19:26:16Z">
          <params>
            <param index="0">
              <value>
                <![CDATA[[TestResult name=buttonToolTipCheck status=SUCCESS method=UserPage_TestCase.buttonToolTipCheck()[pri:1, instance:testCases_HomePageFranchisee.UserPage_TestCase@31610302] output={null}]]]>
              </value>
            </param>
          </params>
          <reporter-output>
          </reporter-output>
        </test-method> <!-- takeScreenShotOnFailure -->
        <test-method status="PASS" signature="takeScreenShotOnFailure(org.testng.ITestResult)[pri:0, instance:testCases_HomePageFranchisee.UserPage_TestCase@31610302]" name="takeScreenShotOnFailure" is-config="true" duration-ms="363" started-at="2019-04-01T19:26:18Z" finished-at="2019-04-01T19:26:19Z">
          <params>
            <param index="0">
              <value>
                <![CDATA[[TestResult name=tabnamesCheck status=FAILURE method=UserPage_TestCase.tabnamesCheck()[pri:2, instance:testCases_HomePageFranchisee.UserPage_TestCase@31610302] output={null}]]]>
              </value>
            </param>
          </params>
          <reporter-output>
          </reporter-output>
        </test-method> <!-- takeScreenShotOnFailure -->
        <test-method status="PASS" signature="afterMethod()[pri:0, instance:testCases_HomePageFranchisee.UserPage_TestCase@31610302]" name="afterMethod" is-config="true" duration-ms="1" started-at="2019-04-01T19:26:19Z" finished-at="2019-04-01T19:26:19Z">
          <reporter-output>
          </reporter-output>
        </test-method> <!-- afterMethod -->
      </class> <!-- testCases_HomePageFranchisee.UserPage_TestCase -->
    </test> <!-- Default test -->
  </suite> <!-- Default suite -->
</testng-results>
