<?xml version="1.0" encoding="UTF-8"?>
<!-- Generated by org.testng.reporters.JUnitXMLReporter -->
<testsuite hostname="DESKTOP-CAL1G80" ignored="0" name="testngTest" tests="4" failures="0" timestamp="28 Mar 2019 19:11:45 GMT" time="98.463" errors="0">
  <testcase name="SignInTesting" time="18.416" classname="testCases_LoginPage.Login_TestCase"/>
  <testcase name="checktext" time="0.046" classname="testCases_LoginPage.LoginPage_TestCase"/>
  <testcase name="signInWithInvalidCredentails" time="1.678" classname="testCases_LoginPage.LoginInvalid_TestCase"/>
  <testcase name="forgotpassword" time="4.313" classname="testCases_LoginPage.ForgetPassword_TestCase"/>
</testsuite> <!-- testngTest -->
