<?xml version="1.0" encoding="UTF-8"?>
<!-- Generated by org.testng.reporters.JUnitXMLReporter -->
<testsuite hostname="QA020" ignored="0" name="testngTest" tests="4" failures="0" timestamp="29 Mar 2019 04:35:13 GMT" time="64.183" errors="0">
  <testcase name="SignInTesting" time="10.728" classname="testCases_LoginPage.Login_TestCase"/>
  <testcase name="checktext" time="0.051" classname="testCases_LoginPage.LoginPage_TestCase"/>
  <testcase name="signInWithInvalidCredentails" time="1.726" classname="testCases_LoginPage.LoginInvalid_TestCase"/>
  <testcase name="forgotpassword" time="5.756" classname="testCases_LoginPage.ForgetPassword_TestCase"/>
</testsuite> <!-- testngTest -->
