<?xml version="1.0" encoding="UTF-8"?>
<!-- Generated by org.testng.reporters.JUnitXMLReporter -->
<testsuite hostname="DESKTOP-CAL1G80" ignored="0" name="Default test" tests="10" failures="0" timestamp="12 Apr 2019 20:46:01 GMT" time="86.945" errors="0">
  <testcase name="checkURL" time="5.692" classname="testCases_HomePageFranchisee.UserPage_TestCase"/>
  <testcase name="checkButtonName" time="2.941" classname="testCases_HomePageFranchisee.UserPage_TestCase"/>
  <testcase name="buttonBackGroundWithoutMouseOverview" time="2.821" classname="testCases_HomePageFranchisee.UserPage_TestCase"/>
  <testcase name="buttonBackGroundWithMouseOverview" time="2.976" classname="testCases_HomePageFranchisee.UserPage_TestCase"/>
  <testcase name="buttonToolTipCheck" time="2.091" classname="testCases_HomePageFranchisee.UserPage_TestCase"/>
  <testcase name="tabnamesCheck" time="2.566" classname="testCases_HomePageFranchisee.UserPage_TestCase"/>
  <testcase name="checkDataOfUserProfile" time="7.519" classname="testCases_HomePageFranchisee.UserPage_TestCase"/>
  <testcase name="checkPasswordPageOnEdit" time="11.065" classname="testCases_HomePageFranchisee.UserPage_TestCase"/>
  <testcase name="checkThemesPageOnEdit" time="2.054" classname="testCases_HomePageFranchisee.UserPage_TestCase"/>
  <testcase name="checkAdvancedOfUserProfile" time="6.556" classname="testCases_HomePageFranchisee.UserPage_TestCase"/>
</testsuite> <!-- Default test -->
